f:\gp3 labs\gp3lab1\intermediates\win32\debug\vc142.pdb
f:\gp3 labs\gp3lab1\intermediates\win32\debug\vc142.idb
f:\gp3 labs\gp3lab1\intermediates\win32\debug\transform.obj
f:\gp3 labs\gp3lab1\intermediates\win32\debug\shaderprogram.obj
f:\gp3 labs\gp3lab1\intermediates\win32\debug\shader.obj
f:\gp3 labs\gp3lab1\intermediates\win32\debug\meshrenderer.obj
f:\gp3 labs\gp3lab1\intermediates\win32\debug\mesh.obj
f:\gp3 labs\gp3lab1\intermediates\win32\debug\log.obj
f:\gp3 labs\gp3lab1\intermediates\win32\debug\gp3lab1.obj
f:\gp3 labs\gp3lab1\intermediates\win32\debug\entity.obj
f:\gp3 labs\gp3lab1\intermediates\win32\debug\application.obj
f:\gp3 labs\gp3lab1\bin\win32\debug\ gp3lab1_win32.ilk
f:\gp3 labs\gp3lab1\bin\win32\debug\ gp3lab1_win32.exe
f:\gp3 labs\gp3lab1\bin\win32\debug\ gp3lab1_win32.pdb
f:\gp3 labs\gp3lab1\intermediates\win32\debug\gp3lab1.tlog\cl.read.1.tlog
f:\gp3 labs\gp3lab1\intermediates\win32\debug\gp3lab1.tlog\cl.write.1.tlog
f:\gp3 labs\gp3lab1\intermediates\win32\debug\gp3lab1.tlog\cl.command.1.tlog
f:\gp3 labs\gp3lab1\intermediates\win32\debug\gp3lab1.tlog\link.read.1.tlog
f:\gp3 labs\gp3lab1\intermediates\win32\debug\gp3lab1.tlog\link.write.1.tlog
f:\gp3 labs\gp3lab1\intermediates\win32\debug\gp3lab1.tlog\link.command.1.tlog
