f:\gp3 labs\gp3lab1\intermediates\x64\debug\vc142.pdb
f:\gp3 labs\gp3lab1\intermediates\x64\debug\vc142.idb
f:\gp3 labs\gp3lab1\intermediates\x64\debug\transform.obj
f:\gp3 labs\gp3lab1\intermediates\x64\debug\texture.obj
f:\gp3 labs\gp3lab1\intermediates\x64\debug\sphereshape.obj
f:\gp3 labs\gp3lab1\intermediates\x64\debug\shaderprogram.obj
f:\gp3 labs\gp3lab1\intermediates\x64\debug\shader.obj
f:\gp3 labs\gp3lab1\intermediates\x64\debug\rigidbody.obj
f:\gp3 labs\gp3lab1\intermediates\x64\debug\resources.obj
f:\gp3 labs\gp3lab1\intermediates\x64\debug\physics.obj
f:\gp3 labs\gp3lab1\intermediates\x64\debug\model.obj
f:\gp3 labs\gp3lab1\intermediates\x64\debug\meshrenderer.obj
f:\gp3 labs\gp3lab1\intermediates\x64\debug\mesh.obj
f:\gp3 labs\gp3lab1\intermediates\x64\debug\log.obj
f:\gp3 labs\gp3lab1\intermediates\x64\debug\input.obj
f:\gp3 labs\gp3lab1\intermediates\x64\debug\gp3lab1.obj
f:\gp3 labs\gp3lab1\intermediates\x64\debug\entity.obj
f:\gp3 labs\gp3lab1\intermediates\x64\debug\collisionshape.obj
f:\gp3 labs\gp3lab1\intermediates\x64\debug\cameracomp.obj
f:\gp3 labs\gp3lab1\intermediates\x64\debug\camera.obj
f:\gp3 labs\gp3lab1\intermediates\x64\debug\boxshape.obj
f:\gp3 labs\gp3lab1\intermediates\x64\debug\application.obj
f:\gp3 labs\gp3lab1\intermediates\x64\debug\capsuleshape.obj
f:\gp3 labs\gp3lab1\intermediates\x64\debug\cylindershape.obj
f:\gp3 labs\gp3lab1\bin\x64\debug\ gp3lab1_x64.exe
f:\gp3 labs\gp3lab1\bin\x64\debug\ gp3lab1_x64.ilk
f:\gp3 labs\gp3lab1\bin\x64\debug\ gp3lab1_x64.pdb
f:\gp3 labs\gp3lab1\intermediates\x64\debug\gp3lab1.tlog\cl.read.1.tlog
f:\gp3 labs\gp3lab1\intermediates\x64\debug\gp3lab1.tlog\link.read.1.tlog
f:\gp3 labs\gp3lab1\intermediates\x64\debug\gp3lab1.tlog\cl.write.1.tlog
f:\gp3 labs\gp3lab1\intermediates\x64\debug\gp3lab1.tlog\cl.command.1.tlog
f:\gp3 labs\gp3lab1\intermediates\x64\debug\gp3lab1.tlog\link.command.1.tlog
f:\gp3 labs\gp3lab1\intermediates\x64\debug\gp3lab1.tlog\link.write.1.tlog
